
> vrmint@0.1.0 build
> next build

npm : ⚠ `eslint` 
configuration in 
next.config.mjs is 
no longer supported. 
See more info here: h
ttps://nextjs.org/doc
s/app/api-reference/c
li/next#next-lint-opt
ions
At line:1 char:1
+ npm run build 2>&1 
| Out-File -Encoding 
UTF8 build-next16-fin
al.log
+ ~~~~~~~~~~~~~~~~~~
    + CategoryInfo   
           : NotSpe  
  cified: (⚠ `esli   
 nt` conf...xt-li    
nt-options:Strin    
g) [], RemoteExc    
eption
    + FullyQualified 
   ErrorId : Native  
  CommandError
 
⚠ Invalid 
next.config.mjs 
options detected: 
⚠     Unrecognized 
key(s) in object: 
'eslint'
⚠ See more info 
here: https://nextjs.
org/docs/messages/inv
alid-next-config
▲ Next.js 16.1.1 (Turbopack)
- Environments: .env.local, .env

  Creating an optimized production build ...
(node:62660) 
ExperimentalWarning: 
Type Stripping is an 
experimental feature 
and might change at 
any time
(Use `node 
--trace-warnings 
...` to show where 
the warning was 
created)
✓ Compiled successfully in 25.0s
  Running TypeScript ...
  Collecting page data using 23 workers ...
  Generating static pages using 23 workers (0/8) ...
  Generating static pages using 23 workers (2/8) 
  Generating static pages using 23 workers (4/8) 
  Generating static pages using 23 workers (6/8) 
✓ Generating static pages using 23 workers (8/8) in 890.1ms
  Finalizing page optimization ...

Route (app)
┌ ○ /
├ ○ /_not-found
├ ƒ /api/agent/stream
├ ƒ /api/alchemy/collection
├ ƒ /api/alchemy/floor
├ ƒ /api/alchemy/metadata
├ ƒ /api/alchemy/owners
├ ƒ /api/chat
├ ƒ /api/chat/stream
├ ƒ /api/config
├ ƒ /api/explorer/abi
├ ƒ /api/explorer/account
├ ƒ /api/explorer/name
├ ƒ /api/reserve-data
├ ƒ /api/reservoir/floor
└ ƒ /api/thirdweb/client


○  (Static)   prerendered as static content
ƒ  (Dynamic)  server-rendered on demand

