vrmint@0.1.0 I:\VRMint\v4 Portals\iehome
├─┬ @headlessui/react@2.0.3
│ ├─┬ @floating-ui/react@0.26.28
│ │ ├─┬ @floating-ui/react-dom@2.1.6
│ │ │ └── react@19.2.3 deduped invalid: "^18" from node_modules/@headlessui/react, "0.14 || 15 || 16 || 17 || 18" from node_modules/html-react-parser, "^16.0.0 || ^17.0.0 || ^18.0.0" from node_modules/recharts, "^16.8.0 || ^17.0.0 || ^18.0.0" from node_modules/@headlessui/react/node_modules/@tanstack/react-virtual, "^16.8.0 || ^17.0.0 || ^18.0.0" from node_modules/@react-spring/three, "^15.0.0 || ^16.0.0 || ^17.0.0 || ^18.0.0" from node_modules/@react-three/drei/node_modules/react-composer, "^18.0.0" from node_modules/@react-three/fiber/node_modules/react-reconciler
│ │ └── react@19.2.3 deduped invalid: "^18" from node_modules/@headlessui/react, "0.14 || 15 || 16 || 17 || 18" from node_modules/html-react-parser, "^16.0.0 || ^17.0.0 || ^18.0.0" from node_modules/recharts
│ ├─┬ @react-aria/focus@3.21.3
│ │ ├─┬ @react-aria/utils@3.32.0
│ │ │ ├─┬ @react-stately/utils@3.11.0
│ │ │ │ └── react@19.2.3 deduped invalid: "^18" from node_modules/@headlessui/react, "0.14 || 15 || 16 || 17 || 18" from node_modules/html-react-parser, "^16.0.0 || ^17.0.0 || ^18.0.0" from node_modules/recharts, "^16.8.0 || ^17.0.0 || ^18.0.0" from node_modules/@headlessui/react/node_modules/@tanstack/react-virtual, "^16.8.0 || ^17.0.0 || ^18.0.0" from node_modules/@react-spring/three, "^15.0.0 || ^16.0.0 || ^17.0.0 || ^18.0.0" from node_modules/@react-three/drei/node_modules/react-composer, "^18.0.0" from node_modules/@react-three/fiber/node_modules/react-reconciler, "^16.8.0 || ^17.0.0 || ^18.0.0" from node_modules/@react-spring/three/node_modules/@react-spring/animated, "^16.8.0 || ^17.0.0 || ^18.0.0" from node_modules/@react-spring/three/node_modules/@react-spring/core, "^16.8.0 || ^17.0.0 || ^18.0.0" from node_modules/@react-spring/three/node_modules/@react-spring/shared
│ │ │ └── react@19.2.3 deduped invalid: "^18" from node_modules/@headlessui/react, "0.14 || 15 || 16 || 17 || 18" from node_modules/html-react-parser, "^16.0.0 || ^17.0.0 || ^18.0.0" from node_modules/recharts, "^16.8.0 || ^17.0.0 || ^18.0.0" from node_modules/@headlessui/react/node_modules/@tanstack/react-virtual, "^16.8.0 || ^17.0.0 || ^18.0.0" from node_modules/@react-spring/three, "^15.0.0 || ^16.0.0 || ^17.0.0 || ^18.0.0" from node_modules/@react-three/drei/node_modules/react-composer, "^18.0.0" from node_modules/@react-three/fiber/node_modules/react-reconciler
│ │ ├─┬ @react-types/shared@3.32.1
│ │ │ └── react@19.2.3 deduped invalid: "^18" from node_modules/@headlessui/react, "0.14 || 15 || 16 || 17 || 18" from node_modules/html-react-parser, "^16.0.0 || ^17.0.0 || ^18.0.0" from node_modules/recharts, "^16.8.0 || ^17.0.0 || ^18.0.0" from node_modules/@headlessui/react/node_modules/@tanstack/react-virtual, "^16.8.0 || ^17.0.0 || ^18.0.0" from node_modules/@react-spring/three, "^15.0.0 || ^16.0.0 || ^17.0.0 || ^18.0.0" from node_modules/@react-three/drei/node_modules/react-composer, "^18.0.0" from node_modules/@react-three/fiber/node_modules/react-reconciler
│ │ └── react@19.2.3 deduped invalid: "^18" from node_modules/@headlessui/react, "0.14 || 15 || 16 || 17 || 18" from node_modules/html-react-parser, "^16.0.0 || ^17.0.0 || ^18.0.0" from node_modules/recharts
│ ├─┬ @react-aria/interactions@3.26.0
│ │ ├─┬ @react-aria/ssr@3.9.10
│ │ │ └── react@19.2.3 deduped invalid: "^18" from node_modules/@headlessui/react, "0.14 || 15 || 16 || 17 || 18" from node_modules/html-react-parser, "^16.0.0 || ^17.0.0 || ^18.0.0" from node_modules/recharts, "^16.8.0 || ^17.0.0 || ^18.0.0" from node_modules/@headlessui/react/node_modules/@tanstack/react-virtual, "^16.8.0 || ^17.0.0 || ^18.0.0" from node_modules/@react-spring/three, "^15.0.0 || ^16.0.0 || ^17.0.0 || ^18.0.0" from node_modules/@react-three/drei/node_modules/react-composer, "^18.0.0" from node_modules/@react-three/fiber/node_modules/react-reconciler
│ │ └── react@19.2.3 deduped invalid: "^18" from node_modules/@headlessui/react, "0.14 || 15 || 16 || 17 || 18" from node_modules/html-react-parser, "^16.0.0 || ^17.0.0 || ^18.0.0" from node_modules/recharts
│ ├─┬ @tanstack/react-virtual@3.5.0
│ │ └── react@19.2.3 deduped invalid: "^18" from node_modules/@headlessui/react, "0.14 || 15 || 16 || 17 || 18" from node_modules/html-react-parser, "^16.0.0 || ^17.0.0 || ^18.0.0" from node_modules/recharts, "^16.8.0 || ^17.0.0 || ^18.0.0" from node_modules/@headlessui/react/node_modules/@tanstack/react-virtual
│ └── react@19.2.3 deduped invalid: "^18" from node_modules/@headlessui/react
├─┬ @heroicons/react@2.1.3
│ └── react@19.2.3 deduped invalid: "^18" from node_modules/@headlessui/react
├─┬ @react-three/drei@9.105.6
│ ├─┬ @react-spring/three@9.6.1
│ │ ├─┬ @react-spring/animated@9.6.1
│ │ │ └── react@19.2.3 deduped invalid: "^18" from node_modules/@headlessui/react, "0.14 || 15 || 16 || 17 || 18" from node_modules/html-react-parser, "^16.0.0 || ^17.0.0 || ^18.0.0" from node_modules/recharts, "^16.8.0 || ^17.0.0 || ^18.0.0" from node_modules/@headlessui/react/node_modules/@tanstack/react-virtual, "^16.8.0 || ^17.0.0 || ^18.0.0" from node_modules/@react-spring/three, "^15.0.0 || ^16.0.0 || ^17.0.0 || ^18.0.0" from node_modules/@react-three/drei/node_modules/react-composer, "^18.0.0" from node_modules/@react-three/fiber/node_modules/react-reconciler, "^16.8.0 || ^17.0.0 || ^18.0.0" from node_modules/@react-spring/three/node_modules/@react-spring/animated
│ │ ├─┬ @react-spring/core@9.6.1
│ │ │ └── react@19.2.3 deduped invalid: "^18" from node_modules/@headlessui/react, "0.14 || 15 || 16 || 17 || 18" from node_modules/html-react-parser, "^16.0.0 || ^17.0.0 || ^18.0.0" from node_modules/recharts, "^16.8.0 || ^17.0.0 || ^18.0.0" from node_modules/@headlessui/react/node_modules/@tanstack/react-virtual, "^16.8.0 || ^17.0.0 || ^18.0.0" from node_modules/@react-spring/three, "^15.0.0 || ^16.0.0 || ^17.0.0 || ^18.0.0" from node_modules/@react-three/drei/node_modules/react-composer, "^18.0.0" from node_modules/@react-three/fiber/node_modules/react-reconciler, "^16.8.0 || ^17.0.0 || ^18.0.0" from node_modules/@react-spring/three/node_modules/@react-spring/animated, "^16.8.0 || ^17.0.0 || ^18.0.0" from node_modules/@react-spring/three/node_modules/@react-spring/core
│ │ ├─┬ @react-spring/shared@9.6.1
│ │ │ └── react@19.2.3 deduped invalid: "^18" from node_modules/@headlessui/react, "0.14 || 15 || 16 || 17 || 18" from node_modules/html-react-parser, "^16.0.0 || ^17.0.0 || ^18.0.0" from node_modules/recharts, "^16.8.0 || ^17.0.0 || ^18.0.0" from node_modules/@headlessui/react/node_modules/@tanstack/react-virtual, "^16.8.0 || ^17.0.0 || ^18.0.0" from node_modules/@react-spring/three, "^15.0.0 || ^16.0.0 || ^17.0.0 || ^18.0.0" from node_modules/@react-three/drei/node_modules/react-composer, "^18.0.0" from node_modules/@react-three/fiber/node_modules/react-reconciler, "^16.8.0 || ^17.0.0 || ^18.0.0" from node_modules/@react-spring/three/node_modules/@react-spring/animated, "^16.8.0 || ^17.0.0 || ^18.0.0" from node_modules/@react-spring/three/node_modules/@react-spring/core, "^16.8.0 || ^17.0.0 || ^18.0.0" from node_modules/@react-spring/three/node_modules/@react-spring/shared
│ │ └── react@19.2.3 deduped invalid: "^18" from node_modules/@headlessui/react, "0.14 || 15 || 16 || 17 || 18" from node_modules/html-react-parser, "^16.0.0 || ^17.0.0 || ^18.0.0" from node_modules/recharts, "^16.8.0 || ^17.0.0 || ^18.0.0" from node_modules/@headlessui/react/node_modules/@tanstack/react-virtual, "^16.8.0 || ^17.0.0 || ^18.0.0" from node_modules/@react-spring/three
│ ├─┬ @use-gesture/react@10.3.1
│ │ └── react@19.2.3 deduped invalid: "^18" from node_modules/@headlessui/react, "0.14 || 15 || 16 || 17 || 18" from node_modules/html-react-parser, "^16.0.0 || ^17.0.0 || ^18.0.0" from node_modules/recharts, "^16.8.0 || ^17.0.0 || ^18.0.0" from node_modules/@headlessui/react/node_modules/@tanstack/react-virtual, "^16.8.0 || ^17.0.0 || ^18.0.0" from node_modules/@react-spring/three
│ ├─┬ react-composer@5.0.3
│ │ └── react@19.2.3 deduped invalid: "^18" from node_modules/@headlessui/react, "0.14 || 15 || 16 || 17 || 18" from node_modules/html-react-parser, "^16.0.0 || ^17.0.0 || ^18.0.0" from node_modules/recharts, "^16.8.0 || ^17.0.0 || ^18.0.0" from node_modules/@headlessui/react/node_modules/@tanstack/react-virtual, "^16.8.0 || ^17.0.0 || ^18.0.0" from node_modules/@react-spring/three, "^15.0.0 || ^16.0.0 || ^17.0.0 || ^18.0.0" from node_modules/@react-three/drei/node_modules/react-composer
│ ├── react@19.2.3 deduped invalid: "^18" from node_modules/@headlessui/react
│ ├─┬ suspend-react@0.1.3
│ │ └── react@19.2.3 deduped invalid: "^18" from node_modules/@headlessui/react, "0.14 || 15 || 16 || 17 || 18" from node_modules/html-react-parser, "^16.0.0 || ^17.0.0 || ^18.0.0" from node_modules/recharts, "^16.8.0 || ^17.0.0 || ^18.0.0" from node_modules/@headlessui/react/node_modules/@tanstack/react-virtual, "^16.8.0 || ^17.0.0 || ^18.0.0" from node_modules/@react-spring/three, "^15.0.0 || ^16.0.0 || ^17.0.0 || ^18.0.0" from node_modules/@react-three/drei/node_modules/react-composer
│ ├─┬ tunnel-rat@0.1.2
│ │ └─┬ zustand@4.5.2
│ │   ├── react@18.3.1
│ │   └─┬ use-sync-external-store@1.2.0
│ │     └── react@18.3.1 deduped
│ └─┬ zustand@3.7.2
│   └── react@19.2.3 deduped invalid: "^18" from node_modules/@headlessui/react, "0.14 || 15 || 16 || 17 || 18" from node_modules/html-react-parser, "^16.0.0 || ^17.0.0 || ^18.0.0" from node_modules/recharts, "^16.8.0 || ^17.0.0 || ^18.0.0" from node_modules/@headlessui/react/node_modules/@tanstack/react-virtual, "^16.8.0 || ^17.0.0 || ^18.0.0" from node_modules/@react-spring/three, "^15.0.0 || ^16.0.0 || ^17.0.0 || ^18.0.0" from node_modules/@react-three/drei/node_modules/react-composer
├─┬ @react-three/fiber@8.16.6
│ ├─┬ its-fine@1.2.5
│ │ └── react@19.2.3 deduped invalid: "^18" from node_modules/@headlessui/react, "0.14 || 15 || 16 || 17 || 18" from node_modules/html-react-parser, "^16.0.0 || ^17.0.0 || ^18.0.0" from node_modules/recharts, "^16.8.0 || ^17.0.0 || ^18.0.0" from node_modules/@headlessui/react/node_modules/@tanstack/react-virtual, "^16.8.0 || ^17.0.0 || ^18.0.0" from node_modules/@react-spring/three, "^15.0.0 || ^16.0.0 || ^17.0.0 || ^18.0.0" from node_modules/@react-three/drei/node_modules/react-composer
│ ├─┬ react-reconciler@0.27.0
│ │ └── react@19.2.3 deduped invalid: "^18" from node_modules/@headlessui/react, "0.14 || 15 || 16 || 17 || 18" from node_modules/html-react-parser, "^16.0.0 || ^17.0.0 || ^18.0.0" from node_modules/recharts, "^16.8.0 || ^17.0.0 || ^18.0.0" from node_modules/@headlessui/react/node_modules/@tanstack/react-virtual, "^16.8.0 || ^17.0.0 || ^18.0.0" from node_modules/@react-spring/three, "^15.0.0 || ^16.0.0 || ^17.0.0 || ^18.0.0" from node_modules/@react-three/drei/node_modules/react-composer, "^18.0.0" from node_modules/@react-three/fiber/node_modules/react-reconciler
│ ├─┬ react-use-measure@2.1.7
│ │ └── react@19.2.3 deduped invalid: "^18" from node_modules/@headlessui/react, "0.14 || 15 || 16 || 17 || 18" from node_modules/html-react-parser, "^16.0.0 || ^17.0.0 || ^18.0.0" from node_modules/recharts, "^16.8.0 || ^17.0.0 || ^18.0.0" from node_modules/@headlessui/react/node_modules/@tanstack/react-virtual, "^16.8.0 || ^17.0.0 || ^18.0.0" from node_modules/@react-spring/three, "^15.0.0 || ^16.0.0 || ^17.0.0 || ^18.0.0" from node_modules/@react-three/drei/node_modules/react-composer, "^18.0.0" from node_modules/@react-three/fiber/node_modules/react-reconciler
│ └── react@19.2.3 deduped invalid: "^18" from node_modules/@headlessui/react
├─┬ @react-three/xr@5.7.1
│ └── react@19.2.3 deduped invalid: "^18" from node_modules/@headlessui/react
├─┬ html-react-parser@5.1.15
│ └── react@19.2.3 deduped invalid: "^18" from node_modules/@headlessui/react, "0.14 || 15 || 16 || 17 || 18" from node_modules/html-react-parser
├─┬ next@16.1.1
│ ├── react@19.2.3 deduped invalid: "^18" from node_modules/@headlessui/react, "0.14 || 15 || 16 || 17 || 18" from node_modules/html-react-parser
│ └─┬ styled-jsx@5.1.6
│   └── react@19.2.3 deduped invalid: "^18" from node_modules/@headlessui/react, "0.14 || 15 || 16 || 17 || 18" from node_modules/html-react-parser, "^16.0.0 || ^17.0.0 || ^18.0.0" from node_modules/recharts, "^16.8.0 || ^17.0.0 || ^18.0.0" from node_modules/@headlessui/react/node_modules/@tanstack/react-virtual, "^16.8.0 || ^17.0.0 || ^18.0.0" from node_modules/@react-spring/three, "^15.0.0 || ^16.0.0 || ^17.0.0 || ^18.0.0" from node_modules/@react-three/drei/node_modules/react-composer, "^18.0.0" from node_modules/@react-three/fiber/node_modules/react-reconciler
├─┬ react-dnd@16.0.1
│ └── react@19.2.3 deduped invalid: "^18" from node_modules/@headlessui/react, "0.14 || 15 || 16 || 17 || 18" from node_modules/html-react-parser
├─┬ react-dom@19.2.3 invalid: "^18" from node_modules/@headlessui/react
│ └── react@19.2.3 deduped invalid: "^18" from node_modules/@headlessui/react, "0.14 || 15 || 16 || 17 || 18" from node_modules/html-react-parser
├─┬ react-icons@5.3.0
│ └── react@19.2.3 deduped invalid: "^18" from node_modules/@headlessui/react, "0.14 || 15 || 16 || 17 || 18" from node_modules/html-react-parser
├─┬ react-markdown@9.0.1
│ └── react@19.2.3 deduped invalid: "^18" from node_modules/@headlessui/react, "0.14 || 15 || 16 || 17 || 18" from node_modules/html-react-parser
├─┬ react-syntax-highlighter@16.1.0
│ └── react@19.2.3 deduped invalid: "^18" from node_modules/@headlessui/react, "0.14 || 15 || 16 || 17 || 18" from node_modules/html-react-parser
├─┬ react-use-gesture@9.1.3
│ └── react@19.2.3 deduped invalid: "^18" from node_modules/@headlessui/react, "0.14 || 15 || 16 || 17 || 18" from node_modules/html-react-parser
├─┬ react-use@17.5.0
│ ├─┬ nano-css@5.6.2
│ │ └── react@19.2.3 deduped invalid: "^18" from node_modules/@headlessui/react, "0.14 || 15 || 16 || 17 || 18" from node_modules/html-react-parser, "^16.0.0 || ^17.0.0 || ^18.0.0" from node_modules/recharts, "^16.8.0 || ^17.0.0 || ^18.0.0" from node_modules/@headlessui/react/node_modules/@tanstack/react-virtual, "^16.8.0 || ^17.0.0 || ^18.0.0" from node_modules/@react-spring/three, "^15.0.0 || ^16.0.0 || ^17.0.0 || ^18.0.0" from node_modules/@react-three/drei/node_modules/react-composer, "^18.0.0" from node_modules/@react-three/fiber/node_modules/react-reconciler
│ ├─┬ react-universal-interface@0.6.2
│ │ └── react@19.2.3 deduped invalid: "^18" from node_modules/@headlessui/react, "0.14 || 15 || 16 || 17 || 18" from node_modules/html-react-parser, "^16.0.0 || ^17.0.0 || ^18.0.0" from node_modules/recharts, "^16.8.0 || ^17.0.0 || ^18.0.0" from node_modules/@headlessui/react/node_modules/@tanstack/react-virtual, "^16.8.0 || ^17.0.0 || ^18.0.0" from node_modules/@react-spring/three, "^15.0.0 || ^16.0.0 || ^17.0.0 || ^18.0.0" from node_modules/@react-three/drei/node_modules/react-composer, "^18.0.0" from node_modules/@react-three/fiber/node_modules/react-reconciler
│ └── react@19.2.3 deduped invalid: "^18" from node_modules/@headlessui/react, "0.14 || 15 || 16 || 17 || 18" from node_modules/html-react-parser
├─┬ react-xarrows@2.0.2
│ └── react@19.2.3 deduped invalid: "^18" from node_modules/@headlessui/react, "0.14 || 15 || 16 || 17 || 18" from node_modules/html-react-parser
├── react@19.2.3 invalid: "^18" from node_modules/@headlessui/react, "0.14 || 15 || 16 || 17 || 18" from node_modules/html-react-parser
├─┬ recharts@2.12.7
│ ├─┬ react-smooth@4.0.4
│ │ ├─┬ react-transition-group@4.4.5
│ │ │ └── react@19.2.3 deduped invalid: "^18" from node_modules/@headlessui/react, "0.14 || 15 || 16 || 17 || 18" from node_modules/html-react-parser, "^16.0.0 || ^17.0.0 || ^18.0.0" from node_modules/recharts, "^16.8.0 || ^17.0.0 || ^18.0.0" from node_modules/@headlessui/react/node_modules/@tanstack/react-virtual, "^16.8.0 || ^17.0.0 || ^18.0.0" from node_modules/@react-spring/three, "^15.0.0 || ^16.0.0 || ^17.0.0 || ^18.0.0" from node_modules/@react-three/drei/node_modules/react-composer, "^18.0.0" from node_modules/@react-three/fiber/node_modules/react-reconciler, "^16.8.0 || ^17.0.0 || ^18.0.0" from node_modules/@react-spring/three/node_modules/@react-spring/animated, "^16.8.0 || ^17.0.0 || ^18.0.0" from node_modules/@react-spring/three/node_modules/@react-spring/core, "^16.8.0 || ^17.0.0 || ^18.0.0" from node_modules/@react-spring/three/node_modules/@react-spring/shared
│ │ └── react@19.2.3 deduped invalid: "^18" from node_modules/@headlessui/react, "0.14 || 15 || 16 || 17 || 18" from node_modules/html-react-parser, "^16.0.0 || ^17.0.0 || ^18.0.0" from node_modules/recharts, "^16.8.0 || ^17.0.0 || ^18.0.0" from node_modules/@headlessui/react/node_modules/@tanstack/react-virtual, "^16.8.0 || ^17.0.0 || ^18.0.0" from node_modules/@react-spring/three, "^15.0.0 || ^16.0.0 || ^17.0.0 || ^18.0.0" from node_modules/@react-three/drei/node_modules/react-composer, "^18.0.0" from node_modules/@react-three/fiber/node_modules/react-reconciler
│ └── react@19.2.3 deduped invalid: "^18" from node_modules/@headlessui/react, "0.14 || 15 || 16 || 17 || 18" from node_modules/html-react-parser, "^16.0.0 || ^17.0.0 || ^18.0.0" from node_modules/recharts
└─┬ thirdweb@5.105.33
  ├─┬ @emotion/react@11.14.0
  │ ├─┬ @emotion/use-insertion-effect-with-fallbacks@1.2.0
  │ │ └── react@19.2.3 deduped invalid: "^18" from node_modules/@headlessui/react, "0.14 || 15 || 16 || 17 || 18" from node_modules/html-react-parser, "^16.0.0 || ^17.0.0 || ^18.0.0" from node_modules/recharts, "^16.8.0 || ^17.0.0 || ^18.0.0" from node_modules/@headlessui/react/node_modules/@tanstack/react-virtual, "^16.8.0 || ^17.0.0 || ^18.0.0" from node_modules/@react-spring/three, "^15.0.0 || ^16.0.0 || ^17.0.0 || ^18.0.0" from node_modules/@react-three/drei/node_modules/react-composer, "^18.0.0" from node_modules/@react-three/fiber/node_modules/react-reconciler, "^16.8.0 || ^17.0.0 || ^18.0.0" from node_modules/@react-spring/three/node_modules/@react-spring/animated, "^16.8.0 || ^17.0.0 || ^18.0.0" from node_modules/@react-spring/three/node_modules/@react-spring/core, "^16.8.0 || ^17.0.0 || ^18.0.0" from node_modules/@react-spring/three/node_modules/@react-spring/shared
  │ └── react@19.2.3 deduped invalid: "^18" from node_modules/@headlessui/react, "0.14 || 15 || 16 || 17 || 18" from node_modules/html-react-parser, "^16.0.0 || ^17.0.0 || ^18.0.0" from node_modules/recharts, "^16.8.0 || ^17.0.0 || ^18.0.0" from node_modules/@headlessui/react/node_modules/@tanstack/react-virtual, "^16.8.0 || ^17.0.0 || ^18.0.0" from node_modules/@react-spring/three, "^15.0.0 || ^16.0.0 || ^17.0.0 || ^18.0.0" from node_modules/@react-three/drei/node_modules/react-composer, "^18.0.0" from node_modules/@react-three/fiber/node_modules/react-reconciler
  ├─┬ @emotion/styled@11.14.1
  │ └── react@19.2.3 deduped invalid: "^18" from node_modules/@headlessui/react, "0.14 || 15 || 16 || 17 || 18" from node_modules/html-react-parser, "^16.0.0 || ^17.0.0 || ^18.0.0" from node_modules/recharts, "^16.8.0 || ^17.0.0 || ^18.0.0" from node_modules/@headlessui/react/node_modules/@tanstack/react-virtual, "^16.8.0 || ^17.0.0 || ^18.0.0" from node_modules/@react-spring/three, "^15.0.0 || ^16.0.0 || ^17.0.0 || ^18.0.0" from node_modules/@react-three/drei/node_modules/react-composer, "^18.0.0" from node_modules/@react-three/fiber/node_modules/react-reconciler
  ├─┬ @radix-ui/react-dialog@1.1.14
  │ ├─┬ @radix-ui/react-compose-refs@1.1.2
  │ │ └── react@19.2.3 deduped invalid: "^18" from node_modules/@headlessui/react, "0.14 || 15 || 16 || 17 || 18" from node_modules/html-react-parser, "^16.0.0 || ^17.0.0 || ^18.0.0" from node_modules/recharts, "^16.8.0 || ^17.0.0 || ^18.0.0" from node_modules/@headlessui/react/node_modules/@tanstack/react-virtual, "^16.8.0 || ^17.0.0 || ^18.0.0" from node_modules/@react-spring/three, "^15.0.0 || ^16.0.0 || ^17.0.0 || ^18.0.0" from node_modules/@react-three/drei/node_modules/react-composer, "^18.0.0" from node_modules/@react-three/fiber/node_modules/react-reconciler, "^16.8.0 || ^17.0.0 || ^18.0.0" from node_modules/@react-spring/three/node_modules/@react-spring/animated, "^16.8.0 || ^17.0.0 || ^18.0.0" from node_modules/@react-spring/three/node_modules/@react-spring/core, "^16.8.0 || ^17.0.0 || ^18.0.0" from node_modules/@react-spring/three/node_modules/@react-spring/shared
  │ ├─┬ @radix-ui/react-context@1.1.2
  │ │ └── react@19.2.3 deduped invalid: "^18" from node_modules/@headlessui/react, "0.14 || 15 || 16 || 17 || 18" from node_modules/html-react-parser, "^16.0.0 || ^17.0.0 || ^18.0.0" from node_modules/recharts, "^16.8.0 || ^17.0.0 || ^18.0.0" from node_modules/@headlessui/react/node_modules/@tanstack/react-virtual, "^16.8.0 || ^17.0.0 || ^18.0.0" from node_modules/@react-spring/three, "^15.0.0 || ^16.0.0 || ^17.0.0 || ^18.0.0" from node_modules/@react-three/drei/node_modules/react-composer, "^18.0.0" from node_modules/@react-three/fiber/node_modules/react-reconciler, "^16.8.0 || ^17.0.0 || ^18.0.0" from node_modules/@react-spring/three/node_modules/@react-spring/animated, "^16.8.0 || ^17.0.0 || ^18.0.0" from node_modules/@react-spring/three/node_modules/@react-spring/core, "^16.8.0 || ^17.0.0 || ^18.0.0" from node_modules/@react-spring/three/node_modules/@react-spring/shared
  │ ├─┬ @radix-ui/react-dismissable-layer@1.1.10
  │ │ ├─┬ @radix-ui/react-use-escape-keydown@1.1.1
  │ │ │ └── react@19.2.3 deduped invalid: "^18" from node_modules/@headlessui/react, "0.14 || 15 || 16 || 17 || 18" from node_modules/html-react-parser, "^16.0.0 || ^17.0.0 || ^18.0.0" from node_modules/recharts, "^16.8.0 || ^17.0.0 || ^18.0.0" from node_modules/@headlessui/react/node_modules/@tanstack/react-virtual, "^16.8.0 || ^17.0.0 || ^18.0.0" from node_modules/@react-spring/three, "^15.0.0 || ^16.0.0 || ^17.0.0 || ^18.0.0" from node_modules/@react-three/drei/node_modules/react-composer, "^18.0.0" from node_modules/@react-three/fiber/node_modules/react-reconciler, "^16.8.0 || ^17.0.0 || ^18.0.0" from node_modules/@react-spring/three/node_modules/@react-spring/animated, "^16.8.0 || ^17.0.0 || ^18.0.0" from node_modules/@react-spring/three/node_modules/@react-spring/core, "^16.8.0 || ^17.0.0 || ^18.0.0" from node_modules/@react-spring/three/node_modules/@react-spring/shared
  │ │ └── react@19.2.3 deduped invalid: "^18" from node_modules/@headlessui/react, "0.14 || 15 || 16 || 17 || 18" from node_modules/html-react-parser, "^16.0.0 || ^17.0.0 || ^18.0.0" from node_modules/recharts, "^16.8.0 || ^17.0.0 || ^18.0.0" from node_modules/@headlessui/react/node_modules/@tanstack/react-virtual, "^16.8.0 || ^17.0.0 || ^18.0.0" from node_modules/@react-spring/three, "^15.0.0 || ^16.0.0 || ^17.0.0 || ^18.0.0" from node_modules/@react-three/drei/node_modules/react-composer, "^18.0.0" from node_modules/@react-three/fiber/node_modules/react-reconciler, "^16.8.0 || ^17.0.0 || ^18.0.0" from node_modules/@react-spring/three/node_modules/@react-spring/animated, "^16.8.0 || ^17.0.0 || ^18.0.0" from node_modules/@react-spring/three/node_modules/@react-spring/core, "^16.8.0 || ^17.0.0 || ^18.0.0" from node_modules/@react-spring/three/node_modules/@react-spring/shared
  │ ├─┬ @radix-ui/react-focus-guards@1.1.2
  │ │ └── react@19.2.3 deduped invalid: "^18" from node_modules/@headlessui/react, "0.14 || 15 || 16 || 17 || 18" from node_modules/html-react-parser, "^16.0.0 || ^17.0.0 || ^18.0.0" from node_modules/recharts, "^16.8.0 || ^17.0.0 || ^18.0.0" from node_modules/@headlessui/react/node_modules/@tanstack/react-virtual, "^16.8.0 || ^17.0.0 || ^18.0.0" from node_modules/@react-spring/three, "^15.0.0 || ^16.0.0 || ^17.0.0 || ^18.0.0" from node_modules/@react-three/drei/node_modules/react-composer, "^18.0.0" from node_modules/@react-three/fiber/node_modules/react-reconciler, "^16.8.0 || ^17.0.0 || ^18.0.0" from node_modules/@react-spring/three/node_modules/@react-spring/animated, "^16.8.0 || ^17.0.0 || ^18.0.0" from node_modules/@react-spring/three/node_modules/@react-spring/core, "^16.8.0 || ^17.0.0 || ^18.0.0" from node_modules/@react-spring/three/node_modules/@react-spring/shared
  │ ├─┬ @radix-ui/react-id@1.1.1
  │ │ ├─┬ @radix-ui/react-use-layout-effect@1.1.1
  │ │ │ └── react@19.2.3 deduped invalid: "^18" from node_modules/@headlessui/react, "0.14 || 15 || 16 || 17 || 18" from node_modules/html-react-parser, "^16.0.0 || ^17.0.0 || ^18.0.0" from node_modules/recharts, "^16.8.0 || ^17.0.0 || ^18.0.0" from node_modules/@headlessui/react/node_modules/@tanstack/react-virtual, "^16.8.0 || ^17.0.0 || ^18.0.0" from node_modules/@react-spring/three, "^15.0.0 || ^16.0.0 || ^17.0.0 || ^18.0.0" from node_modules/@react-three/drei/node_modules/react-composer, "^18.0.0" from node_modules/@react-three/fiber/node_modules/react-reconciler, "^16.8.0 || ^17.0.0 || ^18.0.0" from node_modules/@react-spring/three/node_modules/@react-spring/animated, "^16.8.0 || ^17.0.0 || ^18.0.0" from node_modules/@react-spring/three/node_modules/@react-spring/core, "^16.8.0 || ^17.0.0 || ^18.0.0" from node_modules/@react-spring/three/node_modules/@react-spring/shared
  │ │ └── react@19.2.3 deduped invalid: "^18" from node_modules/@headlessui/react, "0.14 || 15 || 16 || 17 || 18" from node_modules/html-react-parser, "^16.0.0 || ^17.0.0 || ^18.0.0" from node_modules/recharts, "^16.8.0 || ^17.0.0 || ^18.0.0" from node_modules/@headlessui/react/node_modules/@tanstack/react-virtual, "^16.8.0 || ^17.0.0 || ^18.0.0" from node_modules/@react-spring/three, "^15.0.0 || ^16.0.0 || ^17.0.0 || ^18.0.0" from node_modules/@react-three/drei/node_modules/react-composer, "^18.0.0" from node_modules/@react-three/fiber/node_modules/react-reconciler, "^16.8.0 || ^17.0.0 || ^18.0.0" from node_modules/@react-spring/three/node_modules/@react-spring/animated, "^16.8.0 || ^17.0.0 || ^18.0.0" from node_modules/@react-spring/three/node_modules/@react-spring/core, "^16.8.0 || ^17.0.0 || ^18.0.0" from node_modules/@react-spring/three/node_modules/@react-spring/shared
  │ ├─┬ @radix-ui/react-portal@1.1.9
  │ │ └── react@19.2.3 deduped invalid: "^18" from node_modules/@headlessui/react, "0.14 || 15 || 16 || 17 || 18" from node_modules/html-react-parser, "^16.0.0 || ^17.0.0 || ^18.0.0" from node_modules/recharts, "^16.8.0 || ^17.0.0 || ^18.0.0" from node_modules/@headlessui/react/node_modules/@tanstack/react-virtual, "^16.8.0 || ^17.0.0 || ^18.0.0" from node_modules/@react-spring/three, "^15.0.0 || ^16.0.0 || ^17.0.0 || ^18.0.0" from node_modules/@react-three/drei/node_modules/react-composer, "^18.0.0" from node_modules/@react-three/fiber/node_modules/react-reconciler, "^16.8.0 || ^17.0.0 || ^18.0.0" from node_modules/@react-spring/three/node_modules/@react-spring/animated, "^16.8.0 || ^17.0.0 || ^18.0.0" from node_modules/@react-spring/three/node_modules/@react-spring/core, "^16.8.0 || ^17.0.0 || ^18.0.0" from node_modules/@react-spring/three/node_modules/@react-spring/shared
  │ ├─┬ @radix-ui/react-presence@1.1.4
  │ │ └── react@19.2.3 deduped invalid: "^18" from node_modules/@headlessui/react, "0.14 || 15 || 16 || 17 || 18" from node_modules/html-react-parser, "^16.0.0 || ^17.0.0 || ^18.0.0" from node_modules/recharts, "^16.8.0 || ^17.0.0 || ^18.0.0" from node_modules/@headlessui/react/node_modules/@tanstack/react-virtual, "^16.8.0 || ^17.0.0 || ^18.0.0" from node_modules/@react-spring/three, "^15.0.0 || ^16.0.0 || ^17.0.0 || ^18.0.0" from node_modules/@react-three/drei/node_modules/react-composer, "^18.0.0" from node_modules/@react-three/fiber/node_modules/react-reconciler, "^16.8.0 || ^17.0.0 || ^18.0.0" from node_modules/@react-spring/three/node_modules/@react-spring/animated, "^16.8.0 || ^17.0.0 || ^18.0.0" from node_modules/@react-spring/three/node_modules/@react-spring/core, "^16.8.0 || ^17.0.0 || ^18.0.0" from node_modules/@react-spring/three/node_modules/@react-spring/shared
  │ ├─┬ @radix-ui/react-primitive@2.1.3
  │ │ └── react@19.2.3 deduped invalid: "^18" from node_modules/@headlessui/react, "0.14 || 15 || 16 || 17 || 18" from node_modules/html-react-parser, "^16.0.0 || ^17.0.0 || ^18.0.0" from node_modules/recharts, "^16.8.0 || ^17.0.0 || ^18.0.0" from node_modules/@headlessui/react/node_modules/@tanstack/react-virtual, "^16.8.0 || ^17.0.0 || ^18.0.0" from node_modules/@react-spring/three, "^15.0.0 || ^16.0.0 || ^17.0.0 || ^18.0.0" from node_modules/@react-three/drei/node_modules/react-composer, "^18.0.0" from node_modules/@react-three/fiber/node_modules/react-reconciler, "^16.8.0 || ^17.0.0 || ^18.0.0" from node_modules/@react-spring/three/node_modules/@react-spring/animated, "^16.8.0 || ^17.0.0 || ^18.0.0" from node_modules/@react-spring/three/node_modules/@react-spring/core, "^16.8.0 || ^17.0.0 || ^18.0.0" from node_modules/@react-spring/three/node_modules/@react-spring/shared
  │ ├─┬ @radix-ui/react-slot@1.2.3
  │ │ └── react@19.2.3 deduped invalid: "^18" from node_modules/@headlessui/react, "0.14 || 15 || 16 || 17 || 18" from node_modules/html-react-parser, "^16.0.0 || ^17.0.0 || ^18.0.0" from node_modules/recharts, "^16.8.0 || ^17.0.0 || ^18.0.0" from node_modules/@headlessui/react/node_modules/@tanstack/react-virtual, "^16.8.0 || ^17.0.0 || ^18.0.0" from node_modules/@react-spring/three, "^15.0.0 || ^16.0.0 || ^17.0.0 || ^18.0.0" from node_modules/@react-three/drei/node_modules/react-composer, "^18.0.0" from node_modules/@react-three/fiber/node_modules/react-reconciler, "^16.8.0 || ^17.0.0 || ^18.0.0" from node_modules/@react-spring/three/node_modules/@react-spring/animated, "^16.8.0 || ^17.0.0 || ^18.0.0" from node_modules/@react-spring/three/node_modules/@react-spring/core, "^16.8.0 || ^17.0.0 || ^18.0.0" from node_modules/@react-spring/three/node_modules/@react-spring/shared
  │ ├─┬ @radix-ui/react-use-controllable-state@1.2.2
  │ │ ├─┬ @radix-ui/react-use-effect-event@0.0.2
  │ │ │ └── react@19.2.3 deduped invalid: "^18" from node_modules/@headlessui/react, "0.14 || 15 || 16 || 17 || 18" from node_modules/html-react-parser, "^16.0.0 || ^17.0.0 || ^18.0.0" from node_modules/recharts, "^16.8.0 || ^17.0.0 || ^18.0.0" from node_modules/@headlessui/react/node_modules/@tanstack/react-virtual, "^16.8.0 || ^17.0.0 || ^18.0.0" from node_modules/@react-spring/three, "^15.0.0 || ^16.0.0 || ^17.0.0 || ^18.0.0" from node_modules/@react-three/drei/node_modules/react-composer, "^18.0.0" from node_modules/@react-three/fiber/node_modules/react-reconciler, "^16.8.0 || ^17.0.0 || ^18.0.0" from node_modules/@react-spring/three/node_modules/@react-spring/animated, "^16.8.0 || ^17.0.0 || ^18.0.0" from node_modules/@react-spring/three/node_modules/@react-spring/core, "^16.8.0 || ^17.0.0 || ^18.0.0" from node_modules/@react-spring/three/node_modules/@react-spring/shared
  │ │ └── react@19.2.3 deduped invalid: "^18" from node_modules/@headlessui/react, "0.14 || 15 || 16 || 17 || 18" from node_modules/html-react-parser, "^16.0.0 || ^17.0.0 || ^18.0.0" from node_modules/recharts, "^16.8.0 || ^17.0.0 || ^18.0.0" from node_modules/@headlessui/react/node_modules/@tanstack/react-virtual, "^16.8.0 || ^17.0.0 || ^18.0.0" from node_modules/@react-spring/three, "^15.0.0 || ^16.0.0 || ^17.0.0 || ^18.0.0" from node_modules/@react-three/drei/node_modules/react-composer, "^18.0.0" from node_modules/@react-three/fiber/node_modules/react-reconciler, "^16.8.0 || ^17.0.0 || ^18.0.0" from node_modules/@react-spring/three/node_modules/@react-spring/animated, "^16.8.0 || ^17.0.0 || ^18.0.0" from node_modules/@react-spring/three/node_modules/@react-spring/core, "^16.8.0 || ^17.0.0 || ^18.0.0" from node_modules/@react-spring/three/node_modules/@react-spring/shared
  │ ├─┬ react-remove-scroll@2.7.2
  │ │ ├─┬ react-remove-scroll-bar@2.3.8
  │ │ │ └── react@19.2.3 deduped invalid: "^18" from node_modules/@headlessui/react, "0.14 || 15 || 16 || 17 || 18" from node_modules/html-react-parser, "^16.0.0 || ^17.0.0 || ^18.0.0" from node_modules/recharts, "^16.8.0 || ^17.0.0 || ^18.0.0" from node_modules/@headlessui/react/node_modules/@tanstack/react-virtual, "^16.8.0 || ^17.0.0 || ^18.0.0" from node_modules/@react-spring/three, "^15.0.0 || ^16.0.0 || ^17.0.0 || ^18.0.0" from node_modules/@react-three/drei/node_modules/react-composer, "^18.0.0" from node_modules/@react-three/fiber/node_modules/react-reconciler, "^16.8.0 || ^17.0.0 || ^18.0.0" from node_modules/@react-spring/three/node_modules/@react-spring/animated, "^16.8.0 || ^17.0.0 || ^18.0.0" from node_modules/@react-spring/three/node_modules/@react-spring/core, "^16.8.0 || ^17.0.0 || ^18.0.0" from node_modules/@react-spring/three/node_modules/@react-spring/shared
  │ │ ├─┬ react-style-singleton@2.2.3
  │ │ │ └── react@19.2.3 deduped invalid: "^18" from node_modules/@headlessui/react, "0.14 || 15 || 16 || 17 || 18" from node_modules/html-react-parser, "^16.0.0 || ^17.0.0 || ^18.0.0" from node_modules/recharts, "^16.8.0 || ^17.0.0 || ^18.0.0" from node_modules/@headlessui/react/node_modules/@tanstack/react-virtual, "^16.8.0 || ^17.0.0 || ^18.0.0" from node_modules/@react-spring/three, "^15.0.0 || ^16.0.0 || ^17.0.0 || ^18.0.0" from node_modules/@react-three/drei/node_modules/react-composer, "^18.0.0" from node_modules/@react-three/fiber/node_modules/react-reconciler, "^16.8.0 || ^17.0.0 || ^18.0.0" from node_modules/@react-spring/three/node_modules/@react-spring/animated, "^16.8.0 || ^17.0.0 || ^18.0.0" from node_modules/@react-spring/three/node_modules/@react-spring/core, "^16.8.0 || ^17.0.0 || ^18.0.0" from node_modules/@react-spring/three/node_modules/@react-spring/shared
  │ │ ├── react@19.2.3 deduped invalid: "^18" from node_modules/@headlessui/react, "0.14 || 15 || 16 || 17 || 18" from node_modules/html-react-parser, "^16.0.0 || ^17.0.0 || ^18.0.0" from node_modules/recharts, "^16.8.0 || ^17.0.0 || ^18.0.0" from node_modules/@headlessui/react/node_modules/@tanstack/react-virtual, "^16.8.0 || ^17.0.0 || ^18.0.0" from node_modules/@react-spring/three, "^15.0.0 || ^16.0.0 || ^17.0.0 || ^18.0.0" from node_modules/@react-three/drei/node_modules/react-composer, "^18.0.0" from node_modules/@react-three/fiber/node_modules/react-reconciler, "^16.8.0 || ^17.0.0 || ^18.0.0" from node_modules/@react-spring/three/node_modules/@react-spring/animated, "^16.8.0 || ^17.0.0 || ^18.0.0" from node_modules/@react-spring/three/node_modules/@react-spring/core, "^16.8.0 || ^17.0.0 || ^18.0.0" from node_modules/@react-spring/three/node_modules/@react-spring/shared
  │ │ ├─┬ use-callback-ref@1.3.3
  │ │ │ └── react@19.2.3 deduped invalid: "^18" from node_modules/@headlessui/react, "0.14 || 15 || 16 || 17 || 18" from node_modules/html-react-parser, "^16.0.0 || ^17.0.0 || ^18.0.0" from node_modules/recharts, "^16.8.0 || ^17.0.0 || ^18.0.0" from node_modules/@headlessui/react/node_modules/@tanstack/react-virtual, "^16.8.0 || ^17.0.0 || ^18.0.0" from node_modules/@react-spring/three, "^15.0.0 || ^16.0.0 || ^17.0.0 || ^18.0.0" from node_modules/@react-three/drei/node_modules/react-composer, "^18.0.0" from node_modules/@react-three/fiber/node_modules/react-reconciler, "^16.8.0 || ^17.0.0 || ^18.0.0" from node_modules/@react-spring/three/node_modules/@react-spring/animated, "^16.8.0 || ^17.0.0 || ^18.0.0" from node_modules/@react-spring/three/node_modules/@react-spring/core, "^16.8.0 || ^17.0.0 || ^18.0.0" from node_modules/@react-spring/three/node_modules/@react-spring/shared
  │ │ └─┬ use-sidecar@1.1.3
  │ │   └── react@19.2.3 deduped invalid: "^18" from node_modules/@headlessui/react, "0.14 || 15 || 16 || 17 || 18" from node_modules/html-react-parser, "^16.0.0 || ^17.0.0 || ^18.0.0" from node_modules/recharts, "^16.8.0 || ^17.0.0 || ^18.0.0" from node_modules/@headlessui/react/node_modules/@tanstack/react-virtual, "^16.8.0 || ^17.0.0 || ^18.0.0" from node_modules/@react-spring/three, "^15.0.0 || ^16.0.0 || ^17.0.0 || ^18.0.0" from node_modules/@react-three/drei/node_modules/react-composer, "^18.0.0" from node_modules/@react-three/fiber/node_modules/react-reconciler, "^16.8.0 || ^17.0.0 || ^18.0.0" from node_modules/@react-spring/three/node_modules/@react-spring/animated, "^16.8.0 || ^17.0.0 || ^18.0.0" from node_modules/@react-spring/three/node_modules/@react-spring/core, "^16.8.0 || ^17.0.0 || ^18.0.0" from node_modules/@react-spring/three/node_modules/@react-spring/shared
  │ └── react@19.2.3 deduped invalid: "^18" from node_modules/@headlessui/react, "0.14 || 15 || 16 || 17 || 18" from node_modules/html-react-parser, "^16.0.0 || ^17.0.0 || ^18.0.0" from node_modules/recharts, "^16.8.0 || ^17.0.0 || ^18.0.0" from node_modules/@headlessui/react/node_modules/@tanstack/react-virtual, "^16.8.0 || ^17.0.0 || ^18.0.0" from node_modules/@react-spring/three, "^15.0.0 || ^16.0.0 || ^17.0.0 || ^18.0.0" from node_modules/@react-three/drei/node_modules/react-composer, "^18.0.0" from node_modules/@react-three/fiber/node_modules/react-reconciler
  ├─┬ @radix-ui/react-focus-scope@1.1.7
  │ ├─┬ @radix-ui/react-use-callback-ref@1.1.1
  │ │ └── react@19.2.3 deduped invalid: "^18" from node_modules/@headlessui/react, "0.14 || 15 || 16 || 17 || 18" from node_modules/html-react-parser, "^16.0.0 || ^17.0.0 || ^18.0.0" from node_modules/recharts, "^16.8.0 || ^17.0.0 || ^18.0.0" from node_modules/@headlessui/react/node_modules/@tanstack/react-virtual, "^16.8.0 || ^17.0.0 || ^18.0.0" from node_modules/@react-spring/three, "^15.0.0 || ^16.0.0 || ^17.0.0 || ^18.0.0" from node_modules/@react-three/drei/node_modules/react-composer, "^18.0.0" from node_modules/@react-three/fiber/node_modules/react-reconciler, "^16.8.0 || ^17.0.0 || ^18.0.0" from node_modules/@react-spring/three/node_modules/@react-spring/animated, "^16.8.0 || ^17.0.0 || ^18.0.0" from node_modules/@react-spring/three/node_modules/@react-spring/core, "^16.8.0 || ^17.0.0 || ^18.0.0" from node_modules/@react-spring/three/node_modules/@react-spring/shared
  │ └── react@19.2.3 deduped invalid: "^18" from node_modules/@headlessui/react, "0.14 || 15 || 16 || 17 || 18" from node_modules/html-react-parser, "^16.0.0 || ^17.0.0 || ^18.0.0" from node_modules/recharts, "^16.8.0 || ^17.0.0 || ^18.0.0" from node_modules/@headlessui/react/node_modules/@tanstack/react-virtual, "^16.8.0 || ^17.0.0 || ^18.0.0" from node_modules/@react-spring/three, "^15.0.0 || ^16.0.0 || ^17.0.0 || ^18.0.0" from node_modules/@react-three/drei/node_modules/react-composer, "^18.0.0" from node_modules/@react-three/fiber/node_modules/react-reconciler
  ├─┬ @radix-ui/react-icons@1.3.2
  │ └── react@19.2.3 deduped invalid: "^18" from node_modules/@headlessui/react, "0.14 || 15 || 16 || 17 || 18" from node_modules/html-react-parser, "^16.0.0 || ^17.0.0 || ^18.0.0" from node_modules/recharts, "^16.8.0 || ^17.0.0 || ^18.0.0" from node_modules/@headlessui/react/node_modules/@tanstack/react-virtual, "^16.8.0 || ^17.0.0 || ^18.0.0" from node_modules/@react-spring/three, "^15.0.0 || ^16.0.0 || ^17.0.0 || ^18.0.0" from node_modules/@react-three/drei/node_modules/react-composer, "^18.0.0" from node_modules/@react-three/fiber/node_modules/react-reconciler
  ├─┬ @radix-ui/react-tooltip@1.2.7
  │ ├─┬ @radix-ui/react-popper@1.2.7
  │ │ ├─┬ @radix-ui/react-arrow@1.1.7
  │ │ │ └── react@19.2.3 deduped invalid: "^18" from node_modules/@headlessui/react, "0.14 || 15 || 16 || 17 || 18" from node_modules/html-react-parser, "^16.0.0 || ^17.0.0 || ^18.0.0" from node_modules/recharts, "^16.8.0 || ^17.0.0 || ^18.0.0" from node_modules/@headlessui/react/node_modules/@tanstack/react-virtual, "^16.8.0 || ^17.0.0 || ^18.0.0" from node_modules/@react-spring/three, "^15.0.0 || ^16.0.0 || ^17.0.0 || ^18.0.0" from node_modules/@react-three/drei/node_modules/react-composer, "^18.0.0" from node_modules/@react-three/fiber/node_modules/react-reconciler, "^16.8.0 || ^17.0.0 || ^18.0.0" from node_modules/@react-spring/three/node_modules/@react-spring/animated, "^16.8.0 || ^17.0.0 || ^18.0.0" from node_modules/@react-spring/three/node_modules/@react-spring/core, "^16.8.0 || ^17.0.0 || ^18.0.0" from node_modules/@react-spring/three/node_modules/@react-spring/shared
  │ │ ├─┬ @radix-ui/react-use-rect@1.1.1
  │ │ │ └── react@19.2.3 deduped invalid: "^18" from node_modules/@headlessui/react, "0.14 || 15 || 16 || 17 || 18" from node_modules/html-react-parser, "^16.0.0 || ^17.0.0 || ^18.0.0" from node_modules/recharts, "^16.8.0 || ^17.0.0 || ^18.0.0" from node_modules/@headlessui/react/node_modules/@tanstack/react-virtual, "^16.8.0 || ^17.0.0 || ^18.0.0" from node_modules/@react-spring/three, "^15.0.0 || ^16.0.0 || ^17.0.0 || ^18.0.0" from node_modules/@react-three/drei/node_modules/react-composer, "^18.0.0" from node_modules/@react-three/fiber/node_modules/react-reconciler, "^16.8.0 || ^17.0.0 || ^18.0.0" from node_modules/@react-spring/three/node_modules/@react-spring/animated, "^16.8.0 || ^17.0.0 || ^18.0.0" from node_modules/@react-spring/three/node_modules/@react-spring/core, "^16.8.0 || ^17.0.0 || ^18.0.0" from node_modules/@react-spring/three/node_modules/@react-spring/shared
  │ │ ├─┬ @radix-ui/react-use-size@1.1.1
  │ │ │ └── react@19.2.3 deduped invalid: "^18" from node_modules/@headlessui/react, "0.14 || 15 || 16 || 17 || 18" from node_modules/html-react-parser, "^16.0.0 || ^17.0.0 || ^18.0.0" from node_modules/recharts, "^16.8.0 || ^17.0.0 || ^18.0.0" from node_modules/@headlessui/react/node_modules/@tanstack/react-virtual, "^16.8.0 || ^17.0.0 || ^18.0.0" from node_modules/@react-spring/three, "^15.0.0 || ^16.0.0 || ^17.0.0 || ^18.0.0" from node_modules/@react-three/drei/node_modules/react-composer, "^18.0.0" from node_modules/@react-three/fiber/node_modules/react-reconciler, "^16.8.0 || ^17.0.0 || ^18.0.0" from node_modules/@react-spring/three/node_modules/@react-spring/animated, "^16.8.0 || ^17.0.0 || ^18.0.0" from node_modules/@react-spring/three/node_modules/@react-spring/core, "^16.8.0 || ^17.0.0 || ^18.0.0" from node_modules/@react-spring/three/node_modules/@react-spring/shared
  │ │ └── react@19.2.3 deduped invalid: "^18" from node_modules/@headlessui/react, "0.14 || 15 || 16 || 17 || 18" from node_modules/html-react-parser, "^16.0.0 || ^17.0.0 || ^18.0.0" from node_modules/recharts, "^16.8.0 || ^17.0.0 || ^18.0.0" from node_modules/@headlessui/react/node_modules/@tanstack/react-virtual, "^16.8.0 || ^17.0.0 || ^18.0.0" from node_modules/@react-spring/three, "^15.0.0 || ^16.0.0 || ^17.0.0 || ^18.0.0" from node_modules/@react-three/drei/node_modules/react-composer, "^18.0.0" from node_modules/@react-three/fiber/node_modules/react-reconciler, "^16.8.0 || ^17.0.0 || ^18.0.0" from node_modules/@react-spring/three/node_modules/@react-spring/animated, "^16.8.0 || ^17.0.0 || ^18.0.0" from node_modules/@react-spring/three/node_modules/@react-spring/core, "^16.8.0 || ^17.0.0 || ^18.0.0" from node_modules/@react-spring/three/node_modules/@react-spring/shared
  │ ├─┬ @radix-ui/react-visually-hidden@1.2.3
  │ │ └── react@19.2.3 deduped invalid: "^18" from node_modules/@headlessui/react, "0.14 || 15 || 16 || 17 || 18" from node_modules/html-react-parser, "^16.0.0 || ^17.0.0 || ^18.0.0" from node_modules/recharts, "^16.8.0 || ^17.0.0 || ^18.0.0" from node_modules/@headlessui/react/node_modules/@tanstack/react-virtual, "^16.8.0 || ^17.0.0 || ^18.0.0" from node_modules/@react-spring/three, "^15.0.0 || ^16.0.0 || ^17.0.0 || ^18.0.0" from node_modules/@react-three/drei/node_modules/react-composer, "^18.0.0" from node_modules/@react-three/fiber/node_modules/react-reconciler, "^16.8.0 || ^17.0.0 || ^18.0.0" from node_modules/@react-spring/three/node_modules/@react-spring/animated, "^16.8.0 || ^17.0.0 || ^18.0.0" from node_modules/@react-spring/three/node_modules/@react-spring/core, "^16.8.0 || ^17.0.0 || ^18.0.0" from node_modules/@react-spring/three/node_modules/@react-spring/shared
  │ └── react@19.2.3 deduped invalid: "^18" from node_modules/@headlessui/react, "0.14 || 15 || 16 || 17 || 18" from node_modules/html-react-parser, "^16.0.0 || ^17.0.0 || ^18.0.0" from node_modules/recharts, "^16.8.0 || ^17.0.0 || ^18.0.0" from node_modules/@headlessui/react/node_modules/@tanstack/react-virtual, "^16.8.0 || ^17.0.0 || ^18.0.0" from node_modules/@react-spring/three, "^15.0.0 || ^16.0.0 || ^17.0.0 || ^18.0.0" from node_modules/@react-three/drei/node_modules/react-composer, "^18.0.0" from node_modules/@react-three/fiber/node_modules/react-reconciler
  ├─┬ @storybook/react@9.0.15
  │ ├─┬ @storybook/react-dom-shim@9.0.15
  │ │ └── react@19.2.3 deduped invalid: "^18" from node_modules/@headlessui/react, "0.14 || 15 || 16 || 17 || 18" from node_modules/html-react-parser, "^16.0.0 || ^17.0.0 || ^18.0.0" from node_modules/recharts, "^16.8.0 || ^17.0.0 || ^18.0.0" from node_modules/@headlessui/react/node_modules/@tanstack/react-virtual, "^16.8.0 || ^17.0.0 || ^18.0.0" from node_modules/@react-spring/three, "^15.0.0 || ^16.0.0 || ^17.0.0 || ^18.0.0" from node_modules/@react-three/drei/node_modules/react-composer, "^18.0.0" from node_modules/@react-three/fiber/node_modules/react-reconciler, "^16.8.0 || ^17.0.0 || ^18.0.0" from node_modules/@react-spring/three/node_modules/@react-spring/animated, "^16.8.0 || ^17.0.0 || ^18.0.0" from node_modules/@react-spring/three/node_modules/@react-spring/core, "^16.8.0 || ^17.0.0 || ^18.0.0" from node_modules/@react-spring/three/node_modules/@react-spring/shared
  │ └── react@19.2.3 deduped invalid: "^18" from node_modules/@headlessui/react, "0.14 || 15 || 16 || 17 || 18" from node_modules/html-react-parser, "^16.0.0 || ^17.0.0 || ^18.0.0" from node_modules/recharts, "^16.8.0 || ^17.0.0 || ^18.0.0" from node_modules/@headlessui/react/node_modules/@tanstack/react-virtual, "^16.8.0 || ^17.0.0 || ^18.0.0" from node_modules/@react-spring/three, "^15.0.0 || ^16.0.0 || ^17.0.0 || ^18.0.0" from node_modules/@react-three/drei/node_modules/react-composer, "^18.0.0" from node_modules/@react-three/fiber/node_modules/react-reconciler
  ├─┬ @tanstack/react-query@5.81.5
  │ └── react@19.2.3 deduped invalid: "^18" from node_modules/@headlessui/react, "0.14 || 15 || 16 || 17 || 18" from node_modules/html-react-parser, "^16.0.0 || ^17.0.0 || ^18.0.0" from node_modules/recharts, "^16.8.0 || ^17.0.0 || ^18.0.0" from node_modules/@headlessui/react/node_modules/@tanstack/react-virtual, "^16.8.0 || ^17.0.0 || ^18.0.0" from node_modules/@react-spring/three, "^15.0.0 || ^16.0.0 || ^17.0.0 || ^18.0.0" from node_modules/@react-three/drei/node_modules/react-composer, "^18.0.0" from node_modules/@react-three/fiber/node_modules/react-reconciler
  ├─┬ input-otp@1.4.2
  │ └── react@19.2.3 deduped invalid: "^18" from node_modules/@headlessui/react, "0.14 || 15 || 16 || 17 || 18" from node_modules/html-react-parser, "^16.0.0 || ^17.0.0 || ^18.0.0" from node_modules/recharts, "^16.8.0 || ^17.0.0 || ^18.0.0" from node_modules/@headlessui/react/node_modules/@tanstack/react-virtual, "^16.8.0 || ^17.0.0 || ^18.0.0" from node_modules/@react-spring/three, "^15.0.0 || ^16.0.0 || ^17.0.0 || ^18.0.0" from node_modules/@react-three/drei/node_modules/react-composer, "^18.0.0" from node_modules/@react-three/fiber/node_modules/react-reconciler
  └── react@19.2.3 deduped invalid: "^18" from node_modules/@headlessui/react, "0.14 || 15 || 16 || 17 || 18" from node_modules/html-react-parser, "^16.0.0 || ^17.0.0 || ^18.0.0" from node_modules/recharts

npm : npm error code 
ELSPROBLEMS
At line:1 char:1
+ npm list react 
2>&1 | Out-File 
-Encoding UTF8 
react-list.log
+ ~~~~~~~~~~~~~~~~~~~
    + CategoryInfo   
           : NotSpe  
  cified: (npm err   
 or code ELSPROBL    
EMS:String) [],     
RemoteException
    + FullyQualified 
   ErrorId : Native  
  CommandError
 
npm error invalid: 
react@19.2.3 
I:\VRMint\v4 Portals\
iehome\node_modules\r
eact
npm error A complete 
log of this run can 
be found in: C:\Users
\skyne\AppData\Local\
npm-cache\_logs\2025-
12-27T03_55_02_005Z-d
ebug-0.log
